<?xml version="1.0" encoding="UTF-8"?>
<!-- Generated by org.testng.reporters.JUnitReportReporter -->
<testsuite hostname="Krishas-MacBook-Pro.local" failures="0" tests="2" name="com.demoqa.apitests.UserRegistrationApiTests" time="4.154" errors="0" timestamp="2024-08-22T01:34:11 NZST" skipped="0">
  <testcase classname="com.demoqa.apitests.UserRegistrationApiTests" name="registerUserFailureTest" time="2.581"/>
  <testcase classname="com.demoqa.apitests.UserRegistrationApiTests" name="registerUserSuccessTest" time="1.573"/>
</testsuite> <!-- com.demoqa.apitests.UserRegistrationApiTests -->
