<?xml version="1.0" encoding="UTF-8"?>
<!-- Generated by org.testng.reporters.JUnitReportReporter -->
<testsuite hostname="Krishas-MacBook-Pro.local" failures="0" tests="1" name="com.demoqa.DemoQATask.LoginTests" time="12.752" errors="0" timestamp="2024-08-21T22:47:19 NZST" skipped="0">
  <testcase classname="com.demoqa.DemoQATask.LoginTests" name="validLoginTest" time="12.752"/>
</testsuite> <!-- com.demoqa.DemoQATask.LoginTests -->
