<?xml version="1.0" encoding="UTF-8"?>
<!-- Generated by org.testng.reporters.JUnitReportReporter -->
<testsuite hostname="Krishas-MacBook-Pro.local" failures="0" tests="1" name="com.demoqa.tests.BookStoreTests" time="26.644" errors="0" timestamp="2024-08-22T00:18:22 NZST" skipped="0">
  <testcase classname="com.demoqa.tests.BookStoreTests" name="searchBookTest" time="26.644"/>
</testsuite> <!-- com.demoqa.tests.BookStoreTests -->
