<?xml version="1.0" encoding="UTF-8"?>
<!-- Generated by org.testng.reporters.JUnitReportReporter -->
<testsuite hostname="Krishas-MacBook-Pro.local" failures="0" tests="2" name="com.demoqa.uitests.LoginTests" time="51.853" errors="0" timestamp="2024-08-22T01:34:11 NZST" skipped="0">
  <testcase classname="com.demoqa.uitests.LoginTests" name="invalidLoginTest" time="28.554"/>
  <testcase classname="com.demoqa.uitests.LoginTests" name="validLoginTest" time="23.299"/>
</testsuite> <!-- com.demoqa.uitests.LoginTests -->
