<?xml version="1.0" encoding="UTF-8"?>
<!-- Generated by org.testng.reporters.JUnitReportReporter -->
<testsuite hostname="Krishas-MacBook-Pro.local" failures="0" tests="1" name="com.demoqa.apitests.BookStoreApiTests" time="1.380" errors="0" timestamp="2024-08-22T01:34:11 NZST" skipped="0">
  <testcase classname="com.demoqa.apitests.BookStoreApiTests" name="getBooksTest" time="1.380"/>
</testsuite> <!-- com.demoqa.apitests.BookStoreApiTests -->
