<?xml version="1.0" encoding="UTF-8"?>
<!-- Generated by org.testng.reporters.JUnitReportReporter -->
<testsuite hostname="Krishas-MacBook-Pro.local" failures="0" tests="2" name="com.demoqa.tests.LoginTests" time="49.110" errors="0" timestamp="2024-08-21T23:48:12 NZST" skipped="0">
  <testcase classname="com.demoqa.tests.LoginTests" name="invalidLoginTest" time="22.449"/>
  <testcase classname="com.demoqa.tests.LoginTests" name="validLoginTest" time="26.661"/>
</testsuite> <!-- com.demoqa.tests.LoginTests -->
