<?xml version="1.0" encoding="UTF-8"?>
<!-- Generated by org.testng.reporters.JUnitReportReporter -->
<testsuite hostname="Krishas-MacBook-Pro.local" failures="0" tests="1" name="com.demoqa.uitests.BookStoreTests" time="23.150" errors="0" timestamp="2024-08-22T01:34:11 NZST" skipped="0">
  <testcase classname="com.demoqa.uitests.BookStoreTests" name="searchBookTest" time="23.150"/>
</testsuite> <!-- com.demoqa.uitests.BookStoreTests -->
