<?xml version="1.0" encoding="UTF-8"?>
<!-- Generated by org.testng.reporters.JUnitReportReporter -->
<testsuite hostname="Krishas-MacBook-Pro.local" failures="0" tests="2" name="com.demoqa.automation.LoginTests" time="45.012" errors="0" timestamp="2024-08-21T23:07:12 NZST" skipped="0">
  <testcase classname="com.demoqa.automation.LoginTests" name="validLoginTest" time="16.787"/>
  <testcase classname="com.demoqa.automation.LoginTests" name="invalidLoginTest" time="28.225"/>
</testsuite> <!-- com.demoqa.automation.LoginTests -->
